<?xml version="1.0" encoding="UTF-8"?>
<testsuite name="testRoboto" tests="1" skipped="0" failures="0" errors="0" timestamp="2022-01-19T10:16:02" hostname="DESKTOP-3J0T1F0" time="0.041">
  <properties/>
  <testcase name="saludoRespuesta()" classname="testRoboto" time="0.041"/>
  <system-out><![CDATA[]]></system-out>
  <system-err><![CDATA[]]></system-err>
</testsuite>
