<?xml version="1.0" encoding="UTF-8"?>
<testsuite name="testRoboto" tests="3" skipped="0" failures="0" errors="0" timestamp="2022-01-19T16:21:03" hostname="DESKTOP-3J0T1F0" time="0.048">
  <properties/>
  <testcase name="respondeSiLePreguntoQueTiempoHace()" classname="testRoboto" time="0.042"/>
  <testcase name="saludoRespuesta()" classname="testRoboto" time="0.003"/>
  <testcase name="respondeSiLePreguntoQueTiempoHaceEnOtraCiudad()" classname="testRoboto" time="0.001"/>
  <system-out><![CDATA[]]></system-out>
  <system-err><![CDATA[]]></system-err>
</testsuite>
